<?xml version="1.0" encoding="UTF-8"?>
<testsuite name="board.BoardApplicationTests" tests="1" skipped="0" failures="0" errors="0" timestamp="2021-03-23T04:04:49" hostname="DESKTOP-MCV7PIP" time="0.361">
  <properties/>
  <testcase name="testSqlSession()" classname="board.BoardApplicationTests" time="0.361"/>
  <system-out><![CDATA[13:04:32.652 [Test worker] DEBUG org.springframework.test.context.BootstrapUtils - Instantiating CacheAwareContextLoaderDelegate from class [org.springframework.test.context.cache.DefaultCacheAwareContextLoaderDelegate]
13:04:32.679 [Test worker] DEBUG org.springframework.test.context.BootstrapUtils - Instantiating BootstrapContext using constructor [public org.springframework.test.context.support.DefaultBootstrapContext(java.lang.Class,org.springframework.test.context.CacheAwareContextLoaderDelegate)]
13:04:32.743 [Test worker] DEBUG org.springframework.test.context.BootstrapUtils - Instantiating TestContextBootstrapper for test class [board.BoardApplicationTests] from class [org.springframework.boot.test.context.SpringBootTestContextBootstrapper]
13:04:32.764 [Test worker] INFO org.springframework.boot.test.context.SpringBootTestContextBootstrapper - Neither @ContextConfiguration nor @ContextHierarchy found for test class [board.BoardApplicationTests], using SpringBootContextLoader
13:04:32.771 [Test worker] DEBUG org.springframework.test.context.support.AbstractContextLoader - Did not detect default resource location for test class [board.BoardApplicationTests]: class path resource [board/BoardApplicationTests-context.xml] does not exist
13:04:32.772 [Test worker] DEBUG org.springframework.test.context.support.AbstractContextLoader - Did not detect default resource location for test class [board.BoardApplicationTests]: class path resource [board/BoardApplicationTestsContext.groovy] does not exist
13:04:32.773 [Test worker] INFO org.springframework.test.context.support.AbstractContextLoader - Could not detect default resource locations for test class [board.BoardApplicationTests]: no resource found for suffixes {-context.xml, Context.groovy}.
13:04:32.774 [Test worker] INFO org.springframework.test.context.support.AnnotationConfigContextLoaderUtils - Could not detect default configuration classes for test class [board.BoardApplicationTests]: BoardApplicationTests does not declare any static, non-private, non-final, nested classes annotated with @Configuration.
13:04:32.848 [Test worker] DEBUG org.springframework.test.context.support.ActiveProfilesUtils - Could not find an 'annotation declaring class' for annotation type [org.springframework.test.context.ActiveProfiles] and class [board.BoardApplicationTests]
13:04:32.960 [Test worker] DEBUG org.springframework.context.annotation.ClassPathScanningCandidateComponentProvider - Identified candidate component class: file [C:\gitExam\board\build\classes\java\main\board\BoardApplication.class]
13:04:32.963 [Test worker] INFO org.springframework.boot.test.context.SpringBootTestContextBootstrapper - Found @SpringBootConfiguration board.BoardApplication for test class board.BoardApplicationTests
13:04:33.148 [Test worker] DEBUG org.springframework.boot.test.context.SpringBootTestContextBootstrapper - @TestExecutionListeners is not present for class [board.BoardApplicationTests]: using defaults.
13:04:33.149 [Test worker] INFO org.springframework.boot.test.context.SpringBootTestContextBootstrapper - Loaded default TestExecutionListener class names from location [META-INF/spring.factories]: [org.springframework.boot.test.autoconfigure.restdocs.RestDocsTestExecutionListener, org.springframework.boot.test.autoconfigure.web.client.MockRestServiceServerResetTestExecutionListener, org.springframework.boot.test.autoconfigure.web.servlet.MockMvcPrintOnlyOnFailureTestExecutionListener, org.springframework.boot.test.autoconfigure.web.servlet.WebDriverTestExecutionListener, org.springframework.boot.test.autoconfigure.webservices.client.MockWebServiceServerTestExecutionListener, org.springframework.boot.test.mock.mockito.MockitoTestExecutionListener, org.springframework.boot.test.mock.mockito.ResetMocksTestExecutionListener, org.springframework.test.context.web.ServletTestExecutionListener, org.springframework.test.context.support.DirtiesContextBeforeModesTestExecutionListener, org.springframework.test.context.event.ApplicationEventsTestExecutionListener, org.springframework.test.context.support.DependencyInjectionTestExecutionListener, org.springframework.test.context.support.DirtiesContextTestExecutionListener, org.springframework.test.context.transaction.TransactionalTestExecutionListener, org.springframework.test.context.jdbc.SqlScriptsTestExecutionListener, org.springframework.test.context.event.EventPublishingTestExecutionListener]
13:04:33.191 [Test worker] INFO org.springframework.boot.test.context.SpringBootTestContextBootstrapper - Using TestExecutionListeners: [org.springframework.test.context.web.ServletTestExecutionListener@33cf6e2f, org.springframework.test.context.support.DirtiesContextBeforeModesTestExecutionListener@6bf04856, org.springframework.test.context.event.ApplicationEventsTestExecutionListener@61a204fe, org.springframework.boot.test.mock.mockito.MockitoTestExecutionListener@46491666, org.springframework.boot.test.autoconfigure.SpringBootDependencyInjectionTestExecutionListener@e3fa696, org.springframework.test.context.support.DirtiesContextTestExecutionListener@67e4edff, org.springframework.test.context.transaction.TransactionalTestExecutionListener@16109009, org.springframework.test.context.jdbc.SqlScriptsTestExecutionListener@18644e8b, org.springframework.test.context.event.EventPublishingTestExecutionListener@6b9c4007, org.springframework.boot.test.autoconfigure.restdocs.RestDocsTestExecutionListener@2b57d39e, org.springframework.boot.test.autoconfigure.web.client.MockRestServiceServerResetTestExecutionListener@39559e25, org.springframework.boot.test.autoconfigure.web.servlet.MockMvcPrintOnlyOnFailureTestExecutionListener@3ff8f92, org.springframework.boot.test.autoconfigure.web.servlet.WebDriverTestExecutionListener@aea6b92, org.springframework.boot.test.autoconfigure.webservices.client.MockWebServiceServerTestExecutionListener@1fb49272, org.springframework.boot.test.mock.mockito.ResetMocksTestExecutionListener@a058317]
13:04:33.198 [Test worker] DEBUG org.springframework.test.context.support.AbstractDirtiesContextTestExecutionListener - Before test class: context [DefaultTestContext@453e1bbc testClass = BoardApplicationTests, testInstance = [null], testMethod = [null], testException = [null], mergedContextConfiguration = [WebMergedContextConfiguration@22fb8fbf testClass = BoardApplicationTests, locations = '{}', classes = '{class board.BoardApplication}', contextInitializerClasses = '[]', activeProfiles = '{}', propertySourceLocations = '{}', propertySourceProperties = '{org.springframework.boot.test.context.SpringBootTestContextBootstrapper=true}', contextCustomizers = set[org.springframework.boot.test.autoconfigure.actuate.metrics.MetricsExportContextCustomizerFactory$DisableMetricExportContextCustomizer@1e109bf, org.springframework.boot.test.autoconfigure.properties.PropertyMappingContextCustomizer@0, org.springframework.boot.test.autoconfigure.web.servlet.WebDriverContextCustomizerFactory$Customizer@74491ca6, org.springframework.boot.test.context.filter.ExcludeFilterContextCustomizer@2960a70, org.springframework.boot.test.json.DuplicateJsonObjectContextCustomizerFactory$DuplicateJsonObjectContextCustomizer@4e2d1c8, org.springframework.boot.test.mock.mockito.MockitoContextCustomizer@0, org.springframework.boot.test.web.client.TestRestTemplateContextCustomizer@769e25b3, org.springframework.boot.test.context.SpringBootTestArgs@1, org.springframework.boot.test.context.SpringBootTestWebEnvironment@5c952a16], resourceBasePath = 'src/main/webapp', contextLoader = 'org.springframework.boot.test.context.SpringBootContextLoader', parent = [null]], attributes = map['org.springframework.test.context.web.ServletTestExecutionListener.activateListener' -> true]], class annotated with @DirtiesContext [false] with mode [null].
13:04:33.258 [Test worker] DEBUG org.springframework.test.context.support.TestPropertySourceUtils - Adding inlined properties to environment: {spring.jmx.enabled=false, org.springframework.boot.test.context.SpringBootTestContextBootstrapper=true}
13:04:34,928 |-INFO in ch.qos.logback.core.joran.action.AppenderAction - About to instantiate appender of type [ch.qos.logback.core.ConsoleAppender]
13:04:34,928 |-INFO in ch.qos.logback.core.joran.action.AppenderAction - Naming appender as [console]
13:04:34,936 |-INFO in ch.qos.logback.core.joran.action.NestedComplexPropertyIA - Assuming default type [ch.qos.logback.classic.encoder.PatternLayoutEncoder] for [encoder] property
13:04:34,969 |-INFO in ch.qos.logback.core.joran.action.AppenderAction - About to instantiate appender of type [ch.qos.logback.core.ConsoleAppender]
13:04:34,969 |-INFO in ch.qos.logback.core.joran.action.AppenderAction - Naming appender as [console-infolog]
13:04:34,969 |-INFO in ch.qos.logback.core.joran.action.NestedComplexPropertyIA - Assuming default type [ch.qos.logback.classic.encoder.PatternLayoutEncoder] for [encoder] property
13:04:34,970 |-INFO in ch.qos.logback.classic.joran.action.LoggerAction - Setting level of logger [board] to ERROR
13:04:34,970 |-INFO in ch.qos.logback.classic.jul.LevelChangePropagator@4e98f08f - Propagating ERROR level on Logger[board] onto the JUL framework
13:04:34,971 |-INFO in ch.qos.logback.classic.joran.action.RootLoggerAction - Setting level of ROOT logger to OFF
13:04:34,972 |-INFO in ch.qos.logback.classic.jul.LevelChangePropagator@4e98f08f - Propagating OFF level on Logger[ROOT] onto the JUL framework
13:04:34,972 |-INFO in ch.qos.logback.core.joran.action.AppenderRefAction - Attaching appender named [console] to Logger[ROOT]
13:04:34,972 |-INFO in ch.qos.logback.classic.joran.action.ConfigurationAction - End of configuration.
13:04:34,972 |-INFO in org.springframework.boot.logging.logback.SpringBootJoranConfigurator@733d7748 - Registering current configuration as safe fallback point

  .   ____          _            __ _ _
 /\\ / ___'_ __ _ _(_)_ __  __ _ \ \ \ \
( ( )\___ | '_ | '_| | '_ \/ _` | \ \ \ \
 \\/  ___)| |_)| | | | | || (_| |  ) ) ) )
  '  |____| .__|_| |_|_| |_\__, | / / / /
 =========|_|==============|___/=/_/_/_/
 :: Spring Boot ::                (v2.4.3)

HikariDataSource (HikariPool-1)
org.mybatis.spring.SqlSessionTemplate@27932f0e
]]></system-out>
  <system-err><![CDATA[Loading class `com.mysql.jdbc.Driver'. This is deprecated. The new driver class is `com.mysql.cj.jdbc.Driver'. The driver is automatically registered via the SPI and manual loading of the driver class is generally unnecessary.
]]></system-err>
</testsuite>
