<?xml version="1.0" encoding="UTF-8"?>
<testsuite name="board.BoardApplicationTests" tests="1" skipped="0" failures="0" errors="0" timestamp="2021-03-24T02:18:21" hostname="DESKTOP-MCV7PIP" time="0.353">
  <properties/>
  <testcase name="testSqlSession()" classname="board.BoardApplicationTests" time="0.353"/>
  <system-out><![CDATA[11:18:02.704 [Test worker] DEBUG org.springframework.test.context.BootstrapUtils - Instantiating CacheAwareContextLoaderDelegate from class [org.springframework.test.context.cache.DefaultCacheAwareContextLoaderDelegate]
11:18:02.727 [Test worker] DEBUG org.springframework.test.context.BootstrapUtils - Instantiating BootstrapContext using constructor [public org.springframework.test.context.support.DefaultBootstrapContext(java.lang.Class,org.springframework.test.context.CacheAwareContextLoaderDelegate)]
11:18:02.793 [Test worker] DEBUG org.springframework.test.context.BootstrapUtils - Instantiating TestContextBootstrapper for test class [board.BoardApplicationTests] from class [org.springframework.boot.test.context.SpringBootTestContextBootstrapper]
11:18:02.814 [Test worker] INFO org.springframework.boot.test.context.SpringBootTestContextBootstrapper - Neither @ContextConfiguration nor @ContextHierarchy found for test class [board.BoardApplicationTests], using SpringBootContextLoader
11:18:02.824 [Test worker] DEBUG org.springframework.test.context.support.AbstractContextLoader - Did not detect default resource location for test class [board.BoardApplicationTests]: class path resource [board/BoardApplicationTests-context.xml] does not exist
11:18:02.826 [Test worker] DEBUG org.springframework.test.context.support.AbstractContextLoader - Did not detect default resource location for test class [board.BoardApplicationTests]: class path resource [board/BoardApplicationTestsContext.groovy] does not exist
11:18:02.826 [Test worker] INFO org.springframework.test.context.support.AbstractContextLoader - Could not detect default resource locations for test class [board.BoardApplicationTests]: no resource found for suffixes {-context.xml, Context.groovy}.
11:18:02.828 [Test worker] INFO org.springframework.test.context.support.AnnotationConfigContextLoaderUtils - Could not detect default configuration classes for test class [board.BoardApplicationTests]: BoardApplicationTests does not declare any static, non-private, non-final, nested classes annotated with @Configuration.
11:18:02.960 [Test worker] DEBUG org.springframework.test.context.support.ActiveProfilesUtils - Could not find an 'annotation declaring class' for annotation type [org.springframework.test.context.ActiveProfiles] and class [board.BoardApplicationTests]
11:18:03.063 [Test worker] DEBUG org.springframework.context.annotation.ClassPathScanningCandidateComponentProvider - Identified candidate component class: file [C:\gitExam\board\build\classes\java\main\board\BoardApplication.class]
11:18:03.066 [Test worker] INFO org.springframework.boot.test.context.SpringBootTestContextBootstrapper - Found @SpringBootConfiguration board.BoardApplication for test class board.BoardApplicationTests
11:18:03.283 [Test worker] DEBUG org.springframework.boot.test.context.SpringBootTestContextBootstrapper - @TestExecutionListeners is not present for class [board.BoardApplicationTests]: using defaults.
11:18:03.284 [Test worker] INFO org.springframework.boot.test.context.SpringBootTestContextBootstrapper - Loaded default TestExecutionListener class names from location [META-INF/spring.factories]: [org.springframework.boot.test.autoconfigure.restdocs.RestDocsTestExecutionListener, org.springframework.boot.test.autoconfigure.web.client.MockRestServiceServerResetTestExecutionListener, org.springframework.boot.test.autoconfigure.web.servlet.MockMvcPrintOnlyOnFailureTestExecutionListener, org.springframework.boot.test.autoconfigure.web.servlet.WebDriverTestExecutionListener, org.springframework.boot.test.autoconfigure.webservices.client.MockWebServiceServerTestExecutionListener, org.springframework.boot.test.mock.mockito.MockitoTestExecutionListener, org.springframework.boot.test.mock.mockito.ResetMocksTestExecutionListener, org.springframework.test.context.web.ServletTestExecutionListener, org.springframework.test.context.support.DirtiesContextBeforeModesTestExecutionListener, org.springframework.test.context.event.ApplicationEventsTestExecutionListener, org.springframework.test.context.support.DependencyInjectionTestExecutionListener, org.springframework.test.context.support.DirtiesContextTestExecutionListener, org.springframework.test.context.transaction.TransactionalTestExecutionListener, org.springframework.test.context.jdbc.SqlScriptsTestExecutionListener, org.springframework.test.context.event.EventPublishingTestExecutionListener]
11:18:03.332 [Test worker] INFO org.springframework.boot.test.context.SpringBootTestContextBootstrapper - Using TestExecutionListeners: [org.springframework.test.context.web.ServletTestExecutionListener@504ff7bd, org.springframework.test.context.support.DirtiesContextBeforeModesTestExecutionListener@7ca9b8ee, org.springframework.test.context.event.ApplicationEventsTestExecutionListener@3b7efb33, org.springframework.boot.test.mock.mockito.MockitoTestExecutionListener@66bfdb6c, org.springframework.boot.test.autoconfigure.SpringBootDependencyInjectionTestExecutionListener@49622a19, org.springframework.test.context.support.DirtiesContextTestExecutionListener@783d9513, org.springframework.test.context.transaction.TransactionalTestExecutionListener@34d64e44, org.springframework.test.context.jdbc.SqlScriptsTestExecutionListener@2caa8709, org.springframework.test.context.event.EventPublishingTestExecutionListener@74404267, org.springframework.boot.test.autoconfigure.restdocs.RestDocsTestExecutionListener@60c1d4f1, org.springframework.boot.test.autoconfigure.web.client.MockRestServiceServerResetTestExecutionListener@666312c3, org.springframework.boot.test.autoconfigure.web.servlet.MockMvcPrintOnlyOnFailureTestExecutionListener@1e0943c9, org.springframework.boot.test.autoconfigure.web.servlet.WebDriverTestExecutionListener@682c7915, org.springframework.boot.test.autoconfigure.webservices.client.MockWebServiceServerTestExecutionListener@6245ebd, org.springframework.boot.test.mock.mockito.ResetMocksTestExecutionListener@78afb1b0]
11:18:03.340 [Test worker] DEBUG org.springframework.test.context.support.AbstractDirtiesContextTestExecutionListener - Before test class: context [DefaultTestContext@145c68b0 testClass = BoardApplicationTests, testInstance = [null], testMethod = [null], testException = [null], mergedContextConfiguration = [WebMergedContextConfiguration@54240ae1 testClass = BoardApplicationTests, locations = '{}', classes = '{class board.BoardApplication}', contextInitializerClasses = '[]', activeProfiles = '{}', propertySourceLocations = '{}', propertySourceProperties = '{org.springframework.boot.test.context.SpringBootTestContextBootstrapper=true}', contextCustomizers = set[org.springframework.boot.test.autoconfigure.actuate.metrics.MetricsExportContextCustomizerFactory$DisableMetricExportContextCustomizer@7a47641d, org.springframework.boot.test.autoconfigure.properties.PropertyMappingContextCustomizer@0, org.springframework.boot.test.autoconfigure.web.servlet.WebDriverContextCustomizerFactory$Customizer@66af6259, org.springframework.boot.test.context.filter.ExcludeFilterContextCustomizer@19d9e099, org.springframework.boot.test.json.DuplicateJsonObjectContextCustomizerFactory$DuplicateJsonObjectContextCustomizer@66a5d1a, org.springframework.boot.test.mock.mockito.MockitoContextCustomizer@0, org.springframework.boot.test.web.client.TestRestTemplateContextCustomizer@678a59fc, org.springframework.boot.test.context.SpringBootTestArgs@1, org.springframework.boot.test.context.SpringBootTestWebEnvironment@45e97c], resourceBasePath = 'src/main/webapp', contextLoader = 'org.springframework.boot.test.context.SpringBootContextLoader', parent = [null]], attributes = map['org.springframework.test.context.web.ServletTestExecutionListener.activateListener' -> true]], class annotated with @DirtiesContext [false] with mode [null].
11:18:03.414 [Test worker] DEBUG org.springframework.test.context.support.TestPropertySourceUtils - Adding inlined properties to environment: {spring.jmx.enabled=false, org.springframework.boot.test.context.SpringBootTestContextBootstrapper=true}

  .   ____          _            __ _ _
 /\\ / ___'_ __ _ _(_)_ __  __ _ \ \ \ \
( ( )\___ | '_ | '_| | '_ \/ _` | \ \ \ \
 \\/  ___)| |_)| | | | | || (_| |  ) ) ) )
  '  |____| .__|_| |_|_| |_\__, | / / / /
 =========|_|==============|___/=/_/_/_/
 :: Spring Boot ::                (v2.4.3)

2021-03-24 11:18:05.706  INFO 5560 --- [    Test worker] board.BoardApplicationTests              : Starting BoardApplicationTests using Java 15.0.1 on DESKTOP-MCV7PIP with PID 5560 (started by KTE-012 in C:\gitExam\board)
2021-03-24 11:18:05.707  INFO 5560 --- [    Test worker] board.BoardApplicationTests              : The following profiles are active: dev
2021-03-24 11:18:05.778  INFO 5560 --- [    Test worker] o.s.b.context.config.ConfigDataLoader    : Fetching config from server at : http://34.64.197.212:8888
2021-03-24 11:18:05.779  INFO 5560 --- [    Test worker] o.s.b.context.config.ConfigDataLoader    : Located environment: name=bootstrap, profiles=[dev], label=null, version=5dde165d61e002f30cd168e5173040a5d85227b3, state=null
2021-03-24 11:18:05.779  WARN 5560 --- [    Test worker] o.s.b.c.config.ConfigDataEnvironment     : Property 'spring.profiles' imported from location '[ConfigServerConfigDataResource@770a0b5d uris = array<String>['http://34.64.197.212:8888'], optional = true, profiles = list['dev']]' is invalid and should be replaced with 'spring.config.activate.on-profile' [origin: Config Server https://github.com/blackcat0828/cloud-config.git/Config resource 'file [/usr/local/apache-tomcat-9.0.44-config/temp/config-repo-1459791644737178798/bootstrap.yml' via location '' (document #1):22:13]
2021-03-24 11:18:07.946  INFO 5560 --- [    Test worker] .s.d.r.c.RepositoryConfigurationDelegate : Multiple Spring Data modules found, entering strict repository configuration mode!
2021-03-24 11:18:07.950  INFO 5560 --- [    Test worker] .s.d.r.c.RepositoryConfigurationDelegate : Bootstrapping Spring Data JDBC repositories in DEFAULT mode.
2021-03-24 11:18:08.020  INFO 5560 --- [    Test worker] .RepositoryConfigurationExtensionSupport : Spring Data JDBC - Could not safely identify store assignment for repository candidate interface board.board.repository.JpaBoardRepository. If you want this repository to be a JDBC repository, consider annotating your entities with one of these annotations: org.springframework.data.relational.core.mapping.Table.
2021-03-24 11:18:08.021  INFO 5560 --- [    Test worker] .s.d.r.c.RepositoryConfigurationDelegate : Finished Spring Data repository scanning in 64 ms. Found 0 JDBC repository interfaces.
2021-03-24 11:18:08.035  INFO 5560 --- [    Test worker] .s.d.r.c.RepositoryConfigurationDelegate : Multiple Spring Data modules found, entering strict repository configuration mode!
2021-03-24 11:18:08.037  INFO 5560 --- [    Test worker] .s.d.r.c.RepositoryConfigurationDelegate : Bootstrapping Spring Data JPA repositories in DEFAULT mode.
2021-03-24 11:18:08.102  INFO 5560 --- [    Test worker] .s.d.r.c.RepositoryConfigurationDelegate : Finished Spring Data repository scanning in 59 ms. Found 1 JPA repository interfaces.
2021-03-24 11:18:08.506  INFO 5560 --- [    Test worker] o.s.cloud.context.scope.GenericScope     : BeanFactory id=462a8429-5066-3be7-bffb-0ec690b70d26
2021-03-24 11:18:09.103  INFO 5560 --- [    Test worker] trationDelegate$BeanPostProcessorChecker : Bean 'databaseConfiguration' of type [board.configuration.DatabaseConfiguration$$EnhancerBySpringCGLIB$$a89ea24] is not eligible for getting processed by all BeanPostProcessors (for example: not eligible for auto-proxying)
2021-03-24 11:18:09.220  INFO 5560 --- [    Test worker] trationDelegate$BeanPostProcessorChecker : Bean 'hikariConfig' of type [com.zaxxer.hikari.HikariConfig] is not eligible for getting processed by all BeanPostProcessors (for example: not eligible for auto-proxying)
2021-03-24 11:18:09.243  INFO 5560 --- [    Test worker] com.zaxxer.hikari.HikariDataSource       : HikariPool-1 - Starting...
2021-03-24 11:18:10.214  INFO 5560 --- [    Test worker] jdbc.connection                          : 1. Connection opened
2021-03-24 11:18:10.214  INFO 5560 --- [    Test worker] jdbc.audit                               : 1. Connection.new Connection returned 
2021-03-24 11:18:10.214  INFO 5560 --- [    Test worker] jdbc.audit                               : 1. Connection.getNetworkTimeout() returned 0
2021-03-24 11:18:10.225  INFO 5560 --- [    Test worker] jdbc.audit                               : 1. Connection.isReadOnly() returned false
2021-03-24 11:18:10.226  INFO 5560 --- [    Test worker] jdbc.audit                               : 1. Connection.getAutoCommit() returned true
2021-03-24 11:18:10.233  INFO 5560 --- [    Test worker] jdbc.audit                               : 1. Statement.new Statement returned 
2021-03-24 11:18:10.234  INFO 5560 --- [    Test worker] jdbc.audit                               : 1. Connection.createStatement() returned net.sf.log4jdbc.sql.jdbcapi.StatementSpy@1027f975
2021-03-24 11:18:10.234  INFO 5560 --- [    Test worker] jdbc.sqlonly                             : select 1

2021-03-24 11:18:10.260  INFO 5560 --- [    Test worker] jdbc.sqltiming                           : select 1
 {executed in 25 msec}
2021-03-24 11:18:10.260  INFO 5560 --- [    Test worker] jdbc.audit                               : 1. Statement.execute(select 1) returned true
2021-03-24 11:18:10.261  INFO 5560 --- [    Test worker] jdbc.audit                               : 1. Statement.close() returned 
2021-03-24 11:18:10.272  INFO 5560 --- [    Test worker] jdbc.audit                               : 1. Connection.getTransactionIsolation() returned 4
2021-03-24 11:18:10.277  INFO 5560 --- [    Test worker] com.zaxxer.hikari.HikariDataSource       : HikariPool-1 - Start completed.
HikariDataSource (HikariPool-1)
2021-03-24 11:18:10.288  INFO 5560 --- [    Test worker] trationDelegate$BeanPostProcessorChecker : Bean 'dataSource' of type [com.zaxxer.hikari.HikariDataSource] is not eligible for getting processed by all BeanPostProcessors (for example: not eligible for auto-proxying)
2021-03-24 11:18:10.341  INFO 5560 --- [    Test worker] trationDelegate$BeanPostProcessorChecker : Bean 'spring.datasource-org.springframework.boot.autoconfigure.jdbc.DataSourceProperties' of type [org.springframework.boot.autoconfigure.jdbc.DataSourceProperties] is not eligible for getting processed by all BeanPostProcessors (for example: not eligible for auto-proxying)
2021-03-24 11:18:10.368  INFO 5560 --- [    Test worker] trationDelegate$BeanPostProcessorChecker : Bean 'org.springframework.boot.autoconfigure.jdbc.DataSourceInitializerInvoker' of type [org.springframework.boot.autoconfigure.jdbc.DataSourceInitializerInvoker] is not eligible for getting processed by all BeanPostProcessors (for example: not eligible for auto-proxying)
2021-03-24 11:18:10.389  INFO 5560 --- [    Test worker] trationDelegate$BeanPostProcessorChecker : Bean 'transactionManager' of type [org.springframework.jdbc.datasource.DataSourceTransactionManager] is not eligible for getting processed by all BeanPostProcessors (for example: not eligible for auto-proxying)
2021-03-24 11:18:10.403  INFO 5560 --- [    Test worker] trationDelegate$BeanPostProcessorChecker : Bean 'transactionAspect' of type [board.aop.TransactionAspect$$EnhancerBySpringCGLIB$$9282b5ab] is not eligible for getting processed by all BeanPostProcessors (for example: not eligible for auto-proxying)
2021-03-24 11:18:10.415  INFO 5560 --- [    Test worker] trationDelegate$BeanPostProcessorChecker : Bean 'transactionAdvice' of type [org.springframework.transaction.interceptor.TransactionInterceptor] is not eligible for getting processed by all BeanPostProcessors (for example: not eligible for auto-proxying)
2021-03-24 11:18:10.423  INFO 5560 --- [    Test worker] trationDelegate$BeanPostProcessorChecker : Bean 'transactionAdviceAdvisor' of type [org.springframework.aop.support.DefaultPointcutAdvisor] is not eligible for getting processed by all BeanPostProcessors (for example: not eligible for auto-proxying)
2021-03-24 11:18:10.535  INFO 5560 --- [onnection adder] jdbc.connection                          : 2. Connection opened
2021-03-24 11:18:10.535  INFO 5560 --- [onnection adder] jdbc.audit                               : 2. Connection.new Connection returned 
2021-03-24 11:18:10.546  INFO 5560 --- [onnection adder] jdbc.audit                               : 2. Connection.isReadOnly() returned false
2021-03-24 11:18:10.546  INFO 5560 --- [onnection adder] jdbc.audit                               : 2. Connection.getAutoCommit() returned true
2021-03-24 11:18:10.698  INFO 5560 --- [onnection adder] jdbc.connection                          : 3. Connection opened
2021-03-24 11:18:10.698  INFO 5560 --- [onnection adder] jdbc.audit                               : 3. Connection.new Connection returned 
2021-03-24 11:18:10.710  INFO 5560 --- [onnection adder] jdbc.audit                               : 3. Connection.isReadOnly() returned false
2021-03-24 11:18:10.710  INFO 5560 --- [onnection adder] jdbc.audit                               : 3. Connection.getAutoCommit() returned true
2021-03-24 11:18:10.852  INFO 5560 --- [onnection adder] jdbc.connection                          : 4. Connection opened
2021-03-24 11:18:10.853  INFO 5560 --- [onnection adder] jdbc.audit                               : 4. Connection.new Connection returned 
2021-03-24 11:18:10.863  INFO 5560 --- [onnection adder] jdbc.audit                               : 4. Connection.isReadOnly() returned false
2021-03-24 11:18:10.863  INFO 5560 --- [onnection adder] jdbc.audit                               : 4. Connection.getAutoCommit() returned true
2021-03-24 11:18:10.898  INFO 5560 --- [    Test worker] o.hibernate.jpa.internal.util.LogHelper  : HHH000204: Processing PersistenceUnitInfo [name: default]
2021-03-24 11:18:10.997  INFO 5560 --- [onnection adder] jdbc.connection                          : 5. Connection opened
2021-03-24 11:18:10.997  INFO 5560 --- [onnection adder] jdbc.audit                               : 5. Connection.new Connection returned 
2021-03-24 11:18:11.008  INFO 5560 --- [onnection adder] jdbc.audit                               : 5. Connection.isReadOnly() returned false
2021-03-24 11:18:11.008  INFO 5560 --- [onnection adder] jdbc.audit                               : 5. Connection.getAutoCommit() returned true
2021-03-24 11:18:11.010  INFO 5560 --- [    Test worker] org.hibernate.Version                    : HHH000412: Hibernate ORM core version 5.4.28.Final
2021-03-24 11:18:11.151  INFO 5560 --- [onnection adder] jdbc.connection                          : 6. Connection opened
2021-03-24 11:18:11.151  INFO 5560 --- [onnection adder] jdbc.audit                               : 6. Connection.new Connection returned 
2021-03-24 11:18:11.161  INFO 5560 --- [onnection adder] jdbc.audit                               : 6. Connection.isReadOnly() returned false
2021-03-24 11:18:11.162  INFO 5560 --- [onnection adder] jdbc.audit                               : 6. Connection.getAutoCommit() returned true
2021-03-24 11:18:11.304  INFO 5560 --- [onnection adder] jdbc.connection                          : 7. Connection opened
2021-03-24 11:18:11.304  INFO 5560 --- [onnection adder] jdbc.audit                               : 7. Connection.new Connection returned 
2021-03-24 11:18:11.314  INFO 5560 --- [onnection adder] jdbc.audit                               : 7. Connection.isReadOnly() returned false
2021-03-24 11:18:11.315  INFO 5560 --- [onnection adder] jdbc.audit                               : 7. Connection.getAutoCommit() returned true
2021-03-24 11:18:11.333  INFO 5560 --- [    Test worker] o.hibernate.annotations.common.Version   : HCANN000001: Hibernate Commons Annotations {5.1.2.Final}
2021-03-24 11:18:11.455  INFO 5560 --- [onnection adder] jdbc.connection                          : 8. Connection opened
2021-03-24 11:18:11.455  INFO 5560 --- [onnection adder] jdbc.audit                               : 8. Connection.new Connection returned 
2021-03-24 11:18:11.467  INFO 5560 --- [onnection adder] jdbc.audit                               : 8. Connection.isReadOnly() returned false
2021-03-24 11:18:11.467  INFO 5560 --- [onnection adder] jdbc.audit                               : 8. Connection.getAutoCommit() returned true
2021-03-24 11:18:11.586  INFO 5560 --- [    Test worker] jdbc.audit                               : 1. Statement.new Statement returned 
2021-03-24 11:18:11.586  INFO 5560 --- [    Test worker] jdbc.audit                               : 1. Connection.createStatement() returned net.sf.log4jdbc.sql.jdbcapi.StatementSpy@458b5f5f
2021-03-24 11:18:11.586  INFO 5560 --- [    Test worker] jdbc.sqlonly                             : select 1

2021-03-24 11:18:11.598  INFO 5560 --- [    Test worker] jdbc.sqltiming                           : select 1
 {executed in 12 msec}
2021-03-24 11:18:11.598  INFO 5560 --- [    Test worker] jdbc.audit                               : 1. Statement.execute(select 1) returned true
2021-03-24 11:18:11.599  INFO 5560 --- [    Test worker] jdbc.audit                               : 1. Statement.close() returned 
2021-03-24 11:18:11.605  INFO 5560 --- [    Test worker] jdbc.audit                               : 1. Connection.getMetaData() returned com.mysql.cj.jdbc.DatabaseMetaDataUsingInfoSchema@17dd24c8
2021-03-24 11:18:11.609  INFO 5560 --- [onnection adder] jdbc.connection                          : 9. Connection opened
2021-03-24 11:18:11.609  INFO 5560 --- [onnection adder] jdbc.audit                               : 9. Connection.new Connection returned 
2021-03-24 11:18:11.619  INFO 5560 --- [onnection adder] jdbc.audit                               : 9. Connection.isReadOnly() returned false
2021-03-24 11:18:11.620  INFO 5560 --- [onnection adder] jdbc.audit                               : 9. Connection.getAutoCommit() returned true
2021-03-24 11:18:11.630  INFO 5560 --- [    Test worker] org.hibernate.dialect.Dialect            : HHH000400: Using dialect: org.hibernate.dialect.MySQL8Dialect
2021-03-24 11:18:11.691  INFO 5560 --- [    Test worker] jdbc.audit                               : 1. Connection.getCatalog() returned boot
2021-03-24 11:18:11.712  INFO 5560 --- [    Test worker] jdbc.audit                               : 1. Connection.getSchema() returned null
2021-03-24 11:18:11.714  INFO 5560 --- [    Test worker] jdbc.audit                               : 1. Connection.getSchema() returned null
2021-03-24 11:18:11.729  INFO 5560 --- [    Test worker] jdbc.audit                               : 1. Connection.getMetaData() returned com.mysql.cj.jdbc.DatabaseMetaDataUsingInfoSchema@c33d8c0
2021-03-24 11:18:11.734  INFO 5560 --- [    Test worker] jdbc.audit                               : 1. Connection.createClob() returned com.mysql.cj.jdbc.Clob@4a8cb8ca
2021-03-24 11:18:11.747  INFO 5560 --- [    Test worker] jdbc.audit                               : 1. Connection.clearWarnings() returned 
2021-03-24 11:18:11.760  INFO 5560 --- [onnection adder] jdbc.connection                          : 10. Connection opened
2021-03-24 11:18:11.760  INFO 5560 --- [onnection adder] jdbc.audit                               : 10. Connection.new Connection returned 
2021-03-24 11:18:11.772  INFO 5560 --- [onnection adder] jdbc.audit                               : 10. Connection.isReadOnly() returned false
2021-03-24 11:18:11.773  INFO 5560 --- [onnection adder] jdbc.audit                               : 10. Connection.getAutoCommit() returned true
2021-03-24 11:18:12.981  INFO 5560 --- [    Test worker] jdbc.audit                               : 1. Statement.new Statement returned 
2021-03-24 11:18:12.981  INFO 5560 --- [    Test worker] jdbc.audit                               : 1. Connection.createStatement() returned net.sf.log4jdbc.sql.jdbcapi.StatementSpy@1bd49ca4
2021-03-24 11:18:12.981  INFO 5560 --- [    Test worker] jdbc.sqlonly                             : select 1

2021-03-24 11:18:12.992  INFO 5560 --- [    Test worker] jdbc.sqltiming                           : select 1
 {executed in 11 msec}
2021-03-24 11:18:12.992  INFO 5560 --- [    Test worker] jdbc.audit                               : 1. Statement.execute(select 1) returned true
2021-03-24 11:18:12.992  INFO 5560 --- [    Test worker] jdbc.audit                               : 1. Statement.close() returned 
2021-03-24 11:18:12.993  INFO 5560 --- [    Test worker] jdbc.audit                               : 1. Connection.getAutoCommit() returned true
2021-03-24 11:18:12.993  INFO 5560 --- [    Test worker] jdbc.audit                               : 1. Connection.getMetaData() returned com.mysql.cj.jdbc.DatabaseMetaDataUsingInfoSchema@44400610
2021-03-24 11:18:13.111  INFO 5560 --- [    Test worker] jdbc.audit                               : 1. Connection.clearWarnings() returned 
2021-03-24 11:18:13.112  INFO 5560 --- [    Test worker] o.h.e.t.j.p.i.JtaPlatformInitiator       : HHH000490: Using JtaPlatform implementation: [org.hibernate.engine.transaction.jta.platform.internal.NoJtaPlatform]
2021-03-24 11:18:13.126  INFO 5560 --- [    Test worker] j.LocalContainerEntityManagerFactoryBean : Initialized JPA EntityManagerFactory for persistence unit 'default'
2021-03-24 11:18:15.862  WARN 5560 --- [    Test worker] JpaBaseConfiguration$JpaWebConfiguration : spring.jpa.open-in-view is enabled by default. Therefore, database queries may be performed during view rendering. Explicitly configure spring.jpa.open-in-view to disable this warning
2021-03-24 11:18:17.030  INFO 5560 --- [    Test worker] o.s.b.a.e.web.EndpointLinksResolver      : Exposing 2 endpoint(s) beneath base path '/actuator'
2021-03-24 11:18:17.438  INFO 5560 --- [    Test worker] pertySourcedRequestMappingHandlerMapping : Mapped URL path [/v2/api-docs] onto method [springfox.documentation.swagger2.web.Swagger2Controller#getDocumentation(String, HttpServletRequest)]
2021-03-24 11:18:18.245  INFO 5560 --- [    Test worker] o.s.s.concurrent.ThreadPoolTaskExecutor  : Initializing ExecutorService 'applicationTaskExecutor'
2021-03-24 11:18:19.429  INFO 5560 --- [    Test worker] jdbc.audit                               : 1. Statement.new Statement returned 
2021-03-24 11:18:19.430  INFO 5560 --- [    Test worker] jdbc.audit                               : 1. Connection.createStatement() returned net.sf.log4jdbc.sql.jdbcapi.StatementSpy@51efda0
2021-03-24 11:18:19.430  INFO 5560 --- [    Test worker] jdbc.sqlonly                             : select 1

2021-03-24 11:18:19.443  INFO 5560 --- [    Test worker] jdbc.sqltiming                           : select 1
 {executed in 12 msec}
2021-03-24 11:18:19.443  INFO 5560 --- [    Test worker] jdbc.audit                               : 1. Statement.execute(select 1) returned true
2021-03-24 11:18:19.443  INFO 5560 --- [    Test worker] jdbc.audit                               : 1. Statement.close() returned 
2021-03-24 11:18:19.454  INFO 5560 --- [    Test worker] jdbc.audit                               : 1. Connection.getMetaData() returned com.mysql.cj.jdbc.DatabaseMetaDataUsingInfoSchema@a7dbbf7
2021-03-24 11:18:19.463  INFO 5560 --- [    Test worker] jdbc.audit                               : 1. Connection.clearWarnings() returned 
2021-03-24 11:18:19.960  INFO 5560 --- [    Test worker] d.s.w.p.DocumentationPluginsBootstrapper : Context refreshed
2021-03-24 11:18:20.008  INFO 5560 --- [    Test worker] d.s.w.p.DocumentationPluginsBootstrapper : Found 1 custom documentation plugin(s)
2021-03-24 11:18:20.080  INFO 5560 --- [    Test worker] s.d.s.w.s.ApiListingReferenceScanner     : Scanning for api listing references
2021-03-24 11:18:20.941  INFO 5560 --- [    Test worker] .d.s.w.r.o.CachingOperationNameGenerator : Generating unique operation named: deleteBoardUsingDELETE_1
2021-03-24 11:18:20.947  INFO 5560 --- [    Test worker] .d.s.w.r.o.CachingOperationNameGenerator : Generating unique operation named: downloadBoardFileUsingGET_1
2021-03-24 11:18:20.953  INFO 5560 --- [    Test worker] .d.s.w.r.o.CachingOperationNameGenerator : Generating unique operation named: openBoardDetailUsingGET_1
2021-03-24 11:18:20.956  WARN 5560 --- [    Test worker] s.d.s.w.r.p.ParameterDataTypeReader      : Trying to infer dataType org.springframework.ui.ModelMap
2021-03-24 11:18:20.960  INFO 5560 --- [    Test worker] .d.s.w.r.o.CachingOperationNameGenerator : Generating unique operation named: openBoardListUsingGET_1
2021-03-24 11:18:20.965  INFO 5560 --- [    Test worker] .d.s.w.r.o.CachingOperationNameGenerator : Generating unique operation named: openBoardWriteUsingGET_1
2021-03-24 11:18:20.977  INFO 5560 --- [    Test worker] .d.s.w.r.o.CachingOperationNameGenerator : Generating unique operation named: updateBoardUsingPUT_1
2021-03-24 11:18:21.027  INFO 5560 --- [    Test worker] .d.s.w.r.o.CachingOperationNameGenerator : Generating unique operation named: deleteBoardUsingDELETE_2
2021-03-24 11:18:21.037  INFO 5560 --- [    Test worker] .d.s.w.r.o.CachingOperationNameGenerator : Generating unique operation named: insertBoardUsingPOST_1
2021-03-24 11:18:21.050  INFO 5560 --- [    Test worker] .d.s.w.r.o.CachingOperationNameGenerator : Generating unique operation named: openBoardDetailUsingGET_2
2021-03-24 11:18:21.055  INFO 5560 --- [    Test worker] .d.s.w.r.o.CachingOperationNameGenerator : Generating unique operation named: openBoardListUsingGET_2
2021-03-24 11:18:21.061  INFO 5560 --- [    Test worker] .d.s.w.r.o.CachingOperationNameGenerator : Generating unique operation named: updateBoardUsingPUT_2
2021-03-24 11:18:21.080  INFO 5560 --- [    Test worker] .d.s.w.r.o.CachingOperationNameGenerator : Generating unique operation named: deleteBoardUsingDELETE_3
2021-03-24 11:18:21.086  INFO 5560 --- [    Test worker] .d.s.w.r.o.CachingOperationNameGenerator : Generating unique operation named: downloadBoardFileUsingGET_2
2021-03-24 11:18:21.091  INFO 5560 --- [    Test worker] .d.s.w.r.o.CachingOperationNameGenerator : Generating unique operation named: openBoardDetailUsingGET_3
2021-03-24 11:18:21.095  INFO 5560 --- [    Test worker] .d.s.w.r.o.CachingOperationNameGenerator : Generating unique operation named: openBoardListUsingGET_3
2021-03-24 11:18:21.098  INFO 5560 --- [    Test worker] .d.s.w.r.o.CachingOperationNameGenerator : Generating unique operation named: openBoardWriteUsingGET_2
2021-03-24 11:18:21.129  INFO 5560 --- [    Test worker] .d.s.w.r.o.CachingOperationNameGenerator : Generating unique operation named: openBoardWriteUsingPOST_1
2021-03-24 11:18:21.134  INFO 5560 --- [    Test worker] .d.s.w.r.o.CachingOperationNameGenerator : Generating unique operation named: updateBoardUsingPUT_3
2021-03-24 11:18:21.203  INFO 5560 --- [    Test worker] board.BoardApplicationTests              : Started BoardApplicationTests in 17.777 seconds (JVM running for 20.396)
org.mybatis.spring.SqlSessionTemplate@2e62ff38
]]></system-out>
  <system-err><![CDATA[Loading class `com.mysql.jdbc.Driver'. This is deprecated. The new driver class is `com.mysql.cj.jdbc.Driver'. The driver is automatically registered via the SPI and manual loading of the driver class is generally unnecessary.
]]></system-err>
</testsuite>
